<?xml version="1.0" encoding="UTF-8"?>
<testng-results skipped="0" failed="0" total="1" passed="1">
  <reporter-output>
  </reporter-output>
  <suite name="Default suite" duration-ms="14161" started-at="2017-12-28T03:11:21Z" finished-at="2017-12-28T03:11:35Z">
    <groups>
    </groups>
    <test name="Default test" duration-ms="14161" started-at="2017-12-28T03:11:21Z" finished-at="2017-12-28T03:11:35Z">
      <class name="testing.TC_001">
        <test-method status="PASS" signature="tcase1()[pri:0, instance:testing.TC_001@7cdbc5d3]" name="tcase1" duration-ms="14040" started-at="2017-12-28T08:41:21Z" finished-at="2017-12-28T08:41:35Z">
          <reporter-output>
          </reporter-output>
        </test-method> <!-- tcase1 -->
      </class> <!-- testing.TC_001 -->
    </test> <!-- Default test -->
  </suite> <!-- Default suite -->
</testng-results>
